<?xml version="1.0" encoding="UTF-8"?>
<testsuite xmlns:xsi="http://www.w3.org/2001/XMLSchema-instance" xsi:schemaLocation="https://maven.apache.org/surefire/maven-surefire-plugin/xsd/surefire-test-report.xsd" name="models.CynixShopTest" time="0.015" tests="6" errors="0" skipped="0" failures="0">
  <properties>
[...]
</properties>
  <testcase name="getShopNumber_returnsShopNumber" classname="models.CynixShopTest" time="0"/>
  <testcase name="Cynix_instantiates_true" classname="models.CynixShopTest" time="0"/>
  <testcase name="getPhone_returnsName" classname="models.CynixShopTest" time="0.005"/>
  <testcase name="getBuildingName_returnsBuildingName" classname="models.CynixShopTest" time="0"/>
  <testcase name="getName_returnsName" classname="models.CynixShopTest" time="0"/>
  <testcase name="getEmail_returnsEmail" classname="models.CynixShopTest" time="0.001"/>
</testsuite>